Build started 30.03.2016 11:26:19.
     1>Project "D:\Users\SUUSER\Documents\Visual Studio 2012\Projects\edacaner_caner_eda_deniz_HW2\edacaner_caner_eda_deniz_HW2\edacaner_caner_eda_deniz_HW2.vcxproj" on node 2 (Build target(s)).
     1>ClCompile:
         C:\Program Files (x86)\Microsoft Visual Studio 11.0\VC\bin\CL.exe /c /ZI /nologo /W3 /WX- /Od /Oy- /D "WIN32" /D _DEBUG /D _CONSOLE /D "_UNICODE" /D "UNICODE" /Gm /EHsc /RTC1 /MDd /GS /fp:precise /Zc:wchar_t /Zc:forScope /Fo"Debug\\" /Fd"Debug\vc110.pdb" /Gd /TP /analyze- /errorReport:prompt edacaner_caner_eda_deniz_HW2.cpp prompt.cpp strutils.cpp
         strutils.cpp
     1>c1xx : fatal error C1083: Cannot open source file: 'strutils.cpp': No such file or directory
         prompt.cpp
     1>c1xx : fatal error C1083: Cannot open source file: 'prompt.cpp': No such file or directory
         edacaner_caner_eda_deniz_HW2.cpp
     1>d:\users\suuser\documents\visual studio 2012\projects\edacaner_caner_eda_deniz_hw2\edacaner_caner_eda_deniz_hw2\edacaner_caner_eda_deniz_hw2.cpp(3): fatal error C1083: Cannot open include file: 'strutils.h': No such file or directory
         Generating Code...
     1>Done Building Project "D:\Users\SUUSER\Documents\Visual Studio 2012\Projects\edacaner_caner_eda_deniz_HW2\edacaner_caner_eda_deniz_HW2\edacaner_caner_eda_deniz_HW2.vcxproj" (Build target(s)) -- FAILED.

Build FAILED.

Time Elapsed 00:00:01.97
